{
  "RSpec": {
    "coverage": {
      "/Users/Yadira/bank-tech-test/spec/account_spec.rb": [
        1,
        1,
        1,
        null,
        1,
        4,
        2,
        null,
        1,
        1,
        null,
        null,
        1,
        1,
        null,
        null,
        null,
        1,
        2,
        1,
        null,
        1,
        4,
        null,
        null,
        1,
        1,
        1,
        null,
        null,
        null,
        null,
        1,
        2,
        1,
        null,
        1,
        4,
        null,
        null,
        1,
        1,
        1,
        null,
        null,
        null,
        1,
        1,
        1,
        1,
        1,
        1,
        1,
        null,
        null,
        null,
        null,
        null,
        null
      ],
      "/Users/Yadira/bank-tech-test/lib/account.rb": [
        1,
        null,
        1,
        1,
        1,
        null,
        1,
        9,
        9,
        null,
        null,
        1,
        3,
        null,
        3,
        null,
        null,
        null,
        3,
        null,
        null,
        1,
        3,
        null,
        3,
        null,
        null,
        null,
        3,
        null,
        null,
        1,
        0,
        null,
        null,
        1,
        null,
        1,
        6,
        null,
        null,
        null
      ],
      "/Users/Yadira/bank-tech-test/lib/statement.rb": [
        1,
        1,
        null,
        1,
        13,
        null,
        null,
        1,
        9,
        null,
        null,
        1,
        0,
        0,
        0,
        null,
        null,
        null,
        null
      ],
      "/Users/Yadira/bank-tech-test/spec/statement_spec.rb": [
        1,
        null,
        1,
        5,
        3,
        2,
        4,
        null,
        null,
        1,
        1,
        1,
        null,
        null,
        null,
        1,
        1,
        1,
        1,
        1,
        null,
        null,
        1,
        1,
        1,
        1,
        null,
        null,
        null,
        1,
        1,
        1,
        1,
        1,
        1,
        null,
        null,
        null
      ]
    },
    "timestamp": 1559664050
  }
}
